# JRE version: Java(TM) SE Runtime Environment (8.0_121-b13) (build 1.8.0_121-b13)
# Java VM: Java HotSpot(TM) 64-Bit Server VM (25.121-b13 mixed mode windows-amd64 compressed oops)
Heap:
 PSYoungGen      total 149504K, used 56914K [0x00000000f5580000, 0x0000000100000000, 0x0000000100000000)
  eden space 128000K, 44% used [0x00000000f5580000,0x00000000f8d14a98,0x00000000fd280000)
  from space 21504K, 0% used [0x00000000fe800000,0x00000000fe800000,0x00000000ffd00000)
  to   space 22016K, 0% used [0x00000000fd280000,0x00000000fd280000,0x00000000fe800000)
 ParOldGen       total 153088K, used 86420K [0x00000000e0000000, 0x00000000e9580000, 0x00000000f5580000)
  object space 153088K, 56% used [0x00000000e0000000,0x00000000e5465380,0x00000000e9580000)
 Metaspace       used 26872K, capacity 27510K, committed 27824K, reserved 1073152K
  class space    used 2998K, capacity 3174K, committed 3248K, reserved 1048576K
GC Heap History (10 events):
Event: 45.195 GC heap before
{Heap before GC invocations=14 (full 1):
 PSYoungGen      total 151552K, used 136860K [0x00000000f5580000, 0x0000000100000000, 0x0000000100000000)
  eden space 127488K, 100% used [0x00000000f5580000,0x00000000fd200000,0x00000000fd200000)
  from space 24064K, 38% used [0x00000000fe880000,0x00000000ff1a7168,0x0000000100000000)
  to   space 23040K, 0% used [0x00000000fd200000,0x00000000fd200000,0x00000000fe880000)
 ParOldGen       total 87552K, used 58296K [0x00000000e0000000, 0x00000000e5580000, 0x00000000f5580000)
  object space 87552K, 66% used [0x00000000e0000000,0x00000000e38ee300,0x00000000e5580000)
 Metaspace       used 23529K, capacity 24108K, committed 24368K, reserved 1071104K
  class space    used 2707K, capacity 2856K, committed 2864K, reserved 1048576K
Event: 45.218 GC heap after
Heap after GC invocations=14 (full 1):
 PSYoungGen      total 150528K, used 3593K [0x00000000f5580000, 0x00000000fff00000, 0x0000000100000000)
  eden space 127488K, 0% used [0x00000000f5580000,0x00000000f5580000,0x00000000fd200000)
  from space 23040K, 15% used [0x00000000fd200000,0x00000000fd582510,0x00000000fe880000)
  to   space 23040K, 0% used [0x00000000fe880000,0x00000000fe880000,0x00000000fff00000)
 ParOldGen       total 87552K, used 67292K [0x00000000e0000000, 0x00000000e5580000, 0x00000000f5580000)
  object space 87552K, 76% used [0x00000000e0000000,0x00000000e41b7238,0x00000000e5580000)
 Metaspace       used 23529K, capacity 24108K, committed 24368K, reserved 1071104K
  class space    used 2707K, capacity 2856K, committed 2864K, reserved 1048576K
}
Event: 50.077 GC heap before
{Heap before GC invocations=15 (full 1):
 PSYoungGen      total 150528K, used 131081K [0x00000000f5580000, 0x00000000fff00000, 0x0000000100000000)
  eden space 127488K, 100% used [0x00000000f5580000,0x00000000fd200000,0x00000000fd200000)
  from space 23040K, 15% used [0x00000000fd200000,0x00000000fd582510,0x00000000fe880000)
  to   space 23040K, 0% used [0x00000000fe880000,0x00000000fe880000,0x00000000fff00000)
 ParOldGen       total 87552K, used 67292K [0x00000000e0000000, 0x00000000e5580000, 0x00000000f5580000)
  object space 87552K, 76% used [0x00000000e0000000,0x00000000e41b7238,0x00000000e5580000)
 Metaspace       used 24836K, capacity 25454K, committed 25520K, reserved 1071104K
  class space    used 2844K, capacity 2979K, committed 2992K, reserved 1048576K
Event: 50.087 GC heap after
Heap after GC invocations=15 (full 1):
 PSYoungGen      total 150528K, used 4649K [0x00000000f5580000, 0x0000000100000000, 0x0000000100000000)
  eden space 127488K, 0% used [0x00000000f5580000,0x00000000f5580000,0x00000000fd200000)
  from space 23040K, 20% used [0x00000000fe880000,0x00000000fed0a698,0x00000000fff00000)
  to   space 23040K, 0% used [0x00000000fd200000,0x00000000fd200000,0x00000000fe880000)
 ParOldGen       total 87552K, used 70198K [0x00000000e0000000, 0x00000000e5580000, 0x00000000f5580000)
  object space 87552K, 80% used [0x00000000e0000000,0x00000000e448d828,0x00000000e5580000)
 Metaspace       used 24836K, capacity 25454K, committed 25520K, reserved 1071104K
  class space    used 2844K, capacity 2979K, committed 2992K, reserved 1048576K
}
Event: 53.788 GC heap before
{Heap before GC invocations=16 (full 1):
 PSYoungGen      total 150528K, used 132137K [0x00000000f5580000, 0x0000000100000000, 0x0000000100000000)
  eden space 127488K, 100% used [0x00000000f5580000,0x00000000fd200000,0x00000000fd200000)
  from space 23040K, 20% used [0x00000000fe880000,0x00000000fed0a698,0x00000000fff00000)
  to   space 23040K, 0% used [0x00000000fd200000,0x00000000fd200000,0x00000000fe880000)
 ParOldGen       total 87552K, used 70198K [0x00000000e0000000, 0x00000000e5580000, 0x00000000f5580000)
  object space 87552K, 80% used [0x00000000e0000000,0x00000000e448d828,0x00000000e5580000)
 Metaspace       used 25056K, capacity 25718K, committed 25776K, reserved 1073152K
  class space    used 2846K, capacity 2982K, committed 2992K, reserved 1048576K
Event: 53.984 GC heap after
Heap after GC invocations=16 (full 1):
 PSYoungGen      total 137728K, used 10116K [0x00000000f5580000, 0x00000000ffd00000, 0x0000000100000000)
  eden space 127488K, 0% used [0x00000000f5580000,0x00000000f5580000,0x00000000fd200000)
  from space 10240K, 98% used [0x00000000fd200000,0x00000000fdbe1118,0x00000000fdc00000)
  to   space 21504K, 0% used [0x00000000fe800000,0x00000000fe800000,0x00000000ffd00000)
 ParOldGen       total 87552K, used 71302K [0x00000000e0000000, 0x00000000e5580000, 0x00000000f5580000)
  object space 87552K, 81% used [0x00000000e0000000,0x00000000e45a1828,0x00000000e5580000)
 Metaspace       used 25056K, capacity 25718K, committed 25776K, reserved 1073152K
  class space    used 2846K, capacity 2982K, committed 2992K, reserved 1048576K
}
Event: 66.116 GC heap before
{Heap before GC invocations=17 (full 1):
 PSYoungGen      total 137728K, used 137604K [0x00000000f5580000, 0x00000000ffd00000, 0x0000000100000000)
  eden space 127488K, 100% used [0x00000000f5580000,0x00000000fd200000,0x00000000fd200000)
  from space 10240K, 98% used [0x00000000fd200000,0x00000000fdbe1118,0x00000000fdc00000)
  to   space 21504K, 0% used [0x00000000fe800000,0x00000000fe800000,0x00000000ffd00000)
 ParOldGen       total 87552K, used 71302K [0x00000000e0000000, 0x00000000e5580000, 0x00000000f5580000)
  object space 87552K, 81% used [0x00000000e0000000,0x00000000e45a1828,0x00000000e5580000)
 Metaspace       used 26759K, capacity 27414K, committed 27568K, reserved 1073152K
  class space    used 2990K, capacity 3142K, committed 3248K, reserved 1048576K
Event: 66.150 GC heap after
Heap after GC invocations=17 (full 1):
 PSYoungGen      total 149504K, used 14322K [0x00000000f5580000, 0x0000000100000000, 0x0000000100000000)
  eden space 128000K, 0% used [0x00000000f5580000,0x00000000f5580000,0x00000000fd280000)
  from space 21504K, 66% used [0x00000000fe800000,0x00000000ff5fcb18,0x00000000ffd00000)
  to   space 22016K, 0% used [0x00000000fd280000,0x00000000fd280000,0x00000000fe800000)
 ParOldGen       total 87552K, used 80481K [0x00000000e0000000, 0x00000000e5580000, 0x00000000f5580000)
  object space 87552K, 91% used [0x00000000e0000000,0x00000000e4e98560,0x00000000e5580000)
 Metaspace       used 26759K, capacity 27414K, committed 27568K, reserved 1073152K
  class space    used 2990K, capacity 3142K, committed 3248K, reserved 1048576K
}
Event: 66.150 GC heap before
{Heap before GC invocations=18 (full 2):
 PSYoungGen      total 149504K, used 14322K [0x00000000f5580000, 0x0000000100000000, 0x0000000100000000)
  eden space 128000K, 0% used [0x00000000f5580000,0x00000000f5580000,0x00000000fd280000)
  from space 21504K, 66% used [0x00000000fe800000,0x00000000ff5fcb18,0x00000000ffd00000)
  to   space 22016K, 0% used [0x00000000fd280000,0x00000000fd280000,0x00000000fe800000)
 ParOldGen       total 87552K, used 80481K [0x00000000e0000000, 0x00000000e5580000, 0x00000000f5580000)
  object space 87552K, 91% used [0x00000000e0000000,0x00000000e4e98560,0x00000000e5580000)
 Metaspace       used 26759K, capacity 27414K, committed 27568K, reserved 1073152K
  class space    used 2990K, capacity 3142K, committed 3248K, reserved 1048576K
Event: 66.825 GC heap after
Heap after GC invocations=18 (full 2):
 PSYoungGen      total 149504K, used 0K [0x00000000f5580000, 0x0000000100000000, 0x0000000100000000)
  eden space 128000K, 0% used [0x00000000f5580000,0x00000000f5580000,0x00000000fd280000)
  from space 21504K, 0% used [0x00000000fe800000,0x00000000fe800000,0x00000000ffd00000)
  to   space 22016K, 0% used [0x00000000fd280000,0x00000000fd280000,0x00000000fe800000)
 ParOldGen       total 153088K, used 86420K [0x00000000e0000000, 0x00000000e9580000, 0x00000000f5580000)
  object space 153088K, 56% used [0x00000000e0000000,0x00000000e5465380,0x00000000e9580000)
 Metaspace       used 26759K, capacity 27414K, committed 27568K, reserved 1073152K
  class space    used 2990K, capacity 3142K, committed 3248K, reserved 1048576K
}

